TN:
SF:src/app.ts
FN:21,(anonymous_1)
FNF:1
FNH:1
FNDA:8,(anonymous_1)
DA:1,1
DA:2,1
DA:3,1
DA:6,1
DA:9,1
DA:12,1
DA:15,1
DA:18,1
DA:21,1
DA:22,8
DA:23,8
DA:29,1
LF:12
LH:12
BRDA:25,0,0,8
BRDA:25,0,1,0
BRF:2
BRH:1
end_of_record
TN:
SF:src/api/handlers/eventsHandler.ts
FN:26,(anonymous_8)
FN:26,(anonymous_9)
FN:140,(anonymous_10)
FN:152,(anonymous_11)
FN:159,(anonymous_12)
FN:186,(anonymous_13)
FN:186,(anonymous_14)
FN:246,(anonymous_15)
FN:253,(anonymous_16)
FNF:9
FNH:4
FNDA:3,(anonymous_8)
FNDA:3,(anonymous_9)
FNDA:0,(anonymous_10)
FNDA:0,(anonymous_11)
FNDA:0,(anonymous_12)
FNDA:2,(anonymous_13)
FNDA:2,(anonymous_14)
FNDA:0,(anonymous_15)
FNDA:0,(anonymous_16)
DA:2,1
DA:3,1
DA:4,1
DA:5,1
DA:6,1
DA:12,1
DA:26,3
DA:27,3
DA:38,3
DA:41,3
DA:42,0
DA:45,3
DA:46,0
DA:49,3
DA:50,0
DA:53,3
DA:54,0
DA:58,3
DA:61,3
DA:63,3
DA:64,1
DA:67,3
DA:68,1
DA:71,3
DA:72,0
DA:75,3
DA:76,0
DA:77,0
DA:78,0
DA:80,0
DA:83,3
DA:84,0
DA:85,0
DA:87,0
DA:88,0
DA:91,0
DA:92,3
DA:93,0
DA:94,0
DA:95,0
DA:97,0
DA:98,3
DA:99,0
DA:100,0
DA:101,0
DA:103,0
DA:107,3
DA:109,3
DA:110,1
DA:117,2
DA:124,3
DA:131,3
DA:140,0
DA:152,0
DA:159,0
DA:168,0
DA:170,0
DA:175,0
DA:178,3
DA:186,2
DA:187,2
DA:188,2
DA:189,2
DA:191,2
DA:192,0
DA:195,2
DA:196,0
DA:200,2
DA:202,2
DA:203,0
DA:210,2
DA:217,2
DA:224,2
DA:229,0
DA:230,0
DA:234,0
DA:246,0
DA:253,0
DA:262,0
DA:265,2
LF:80
LH:43
BRDA:41,0,0,0
BRDA:41,0,1,3
BRDA:41,1,0,3
BRDA:41,1,1,1
BRDA:45,2,0,0
BRDA:45,2,1,3
BRDA:45,3,0,3
BRDA:45,3,1,1
BRDA:49,4,0,0
BRDA:49,4,1,3
BRDA:49,5,0,3
BRDA:49,5,1,1
BRDA:53,6,0,0
BRDA:53,6,1,3
BRDA:53,7,0,3
BRDA:53,7,1,0
BRDA:63,8,0,1
BRDA:63,8,1,2
BRDA:67,9,0,1
BRDA:67,9,1,2
BRDA:71,10,0,0
BRDA:71,10,1,3
BRDA:75,11,0,0
BRDA:75,11,1,3
BRDA:77,12,0,0
BRDA:77,12,1,0
BRDA:83,13,0,0
BRDA:83,13,1,3
BRDA:83,14,0,3
BRDA:83,14,1,0
BRDA:87,15,0,0
BRDA:87,15,1,0
BRDA:87,16,0,0
BRDA:87,16,1,0
BRDA:92,17,0,0
BRDA:92,17,1,3
BRDA:94,18,0,0
BRDA:94,18,1,0
BRDA:98,19,0,0
BRDA:98,19,1,3
BRDA:100,20,0,0
BRDA:100,20,1,0
BRDA:109,21,0,1
BRDA:109,21,1,2
BRDA:152,22,0,0
BRDA:152,22,1,0
BRDA:152,23,0,0
BRDA:152,23,1,0
BRDA:152,24,0,0
BRDA:152,24,1,0
BRDA:159,25,0,0
BRDA:159,25,1,0
BRDA:159,26,0,0
BRDA:159,26,1,0
BRDA:159,27,0,0
BRDA:159,27,1,0
BRDA:163,28,0,0
BRDA:163,28,1,0
BRDA:163,29,0,0
BRDA:163,29,1,0
BRDA:163,30,0,0
BRDA:163,30,1,0
BRDA:164,31,0,0
BRDA:164,31,1,0
BRDA:164,32,0,0
BRDA:164,32,1,0
BRDA:164,33,0,0
BRDA:164,33,1,0
BRDA:191,34,0,0
BRDA:191,34,1,2
BRDA:195,35,0,0
BRDA:195,35,1,2
BRDA:195,36,0,2
BRDA:195,36,1,0
BRDA:202,37,0,0
BRDA:202,37,1,2
BRDA:229,38,0,0
BRDA:229,38,1,0
BRDA:246,39,0,0
BRDA:246,39,1,0
BRDA:246,40,0,0
BRDA:246,40,1,0
BRDA:246,41,0,0
BRDA:246,41,1,0
BRDA:253,42,0,0
BRDA:253,42,1,0
BRDA:253,43,0,0
BRDA:253,43,1,0
BRDA:253,44,0,0
BRDA:253,44,1,0
BRDA:257,45,0,0
BRDA:257,45,1,0
BRDA:257,46,0,0
BRDA:257,46,1,0
BRDA:257,47,0,0
BRDA:257,47,1,0
BRDA:258,48,0,0
BRDA:258,48,1,0
BRDA:258,49,0,0
BRDA:258,49,1,0
BRDA:258,50,0,0
BRDA:258,50,1,0
BRF:102
BRH:27
end_of_record
TN:
SF:src/api/handlers/mappingHandler.ts
FN:20,(anonymous_8)
FN:20,(anonymous_9)
FN:118,validateMappingData
FNF:3
FNH:3
FNDA:1,(anonymous_8)
FNDA:1,(anonymous_9)
FNDA:1,validateMappingData
DA:3,1
DA:4,1
DA:5,1
DA:6,1
DA:7,1
DA:20,1
DA:21,1
DA:23,1
DA:24,1
DA:26,1
DA:27,0
DA:28,0
DA:32,1
DA:33,1
DA:34,1
DA:35,1
DA:36,1
DA:37,0
DA:41,1
DA:42,0
DA:43,0
DA:46,1
DA:47,1
DA:50,1
DA:51,1
DA:53,1
DA:61,0
DA:62,0
DA:67,0
DA:71,0
DA:72,0
DA:73,0
DA:74,0
DA:77,0
DA:86,0
DA:89,1
DA:97,1
DA:99,1
DA:106,1
DA:107,1
DA:110,0
DA:111,0
DA:120,1
DA:121,0
DA:128,1
DA:129,0
DA:136,1
DA:137,0
DA:144,1
DA:145,0
DA:153,1
DA:154,0
DA:162,1
DA:163,1
DA:164,0
DA:171,1
DA:172,1
DA:173,0
DA:180,1
DA:181,1
DA:182,1
DA:183,0
DA:191,1
DA:192,0
DA:193,0
DA:194,0
DA:202,1
LF:67
LH:40
BRDA:26,0,0,0
BRDA:26,0,1,1
BRDA:26,1,0,1
BRDA:26,1,1,1
BRDA:26,1,2,1
BRDA:36,2,0,0
BRDA:36,2,1,1
BRDA:41,3,0,0
BRDA:41,3,1,1
BRDA:61,4,0,0
BRDA:61,4,1,0
BRDA:73,5,0,0
BRDA:73,5,1,0
BRDA:74,6,0,0
BRDA:74,6,1,0
BRDA:92,7,0,1
BRDA:92,7,1,0
BRDA:106,8,0,0
BRDA:106,8,1,1
BRDA:120,9,0,0
BRDA:120,9,1,1
BRDA:122,10,0,0
BRDA:122,10,1,0
BRDA:123,11,0,0
BRDA:123,11,1,0
BRDA:128,12,0,0
BRDA:128,12,1,1
BRDA:131,13,0,0
BRDA:131,13,1,0
BRDA:136,14,0,0
BRDA:136,14,1,1
BRDA:144,15,0,0
BRDA:144,15,1,1
BRDA:153,16,0,0
BRDA:153,16,1,1
BRDA:163,17,0,0
BRDA:163,17,1,1
BRDA:172,18,0,0
BRDA:172,18,1,1
BRDA:180,19,0,1
BRDA:180,19,1,0
BRDA:182,20,0,0
BRDA:182,20,1,1
BRDA:191,21,0,0
BRDA:191,21,1,1
BRDA:193,22,0,0
BRDA:193,22,1,0
BRF:47
BRH:18
end_of_record
TN:
SF:src/api/handlers/syncHandler.ts
FN:12,(anonymous_8)
FN:12,(anonymous_9)
FNF:2
FNH:2
FNDA:1,(anonymous_8)
FNDA:1,(anonymous_9)
DA:2,1
DA:3,1
DA:4,1
DA:5,1
DA:12,1
DA:13,1
DA:14,1
DA:17,1
DA:18,0
DA:22,1
DA:24,1
DA:25,1
DA:26,1
DA:28,1
DA:30,1
DA:31,1
DA:40,0
DA:41,0
DA:52,1
DA:55,0
DA:58,1
DA:59,1
DA:60,1
DA:63,1
DA:66,1
DA:67,1
DA:68,1
DA:77,0
DA:78,0
DA:89,0
DA:92,0
DA:93,0
DA:94,0
DA:103,0
DA:104,0
DA:114,0
DA:117,1
DA:126,1
DA:127,1
DA:130,0
LF:40
LH:26
BRDA:17,0,0,0
BRDA:17,0,1,1
BRDA:17,1,0,1
BRDA:17,1,1,1
BRDA:30,2,0,1
BRDA:30,2,1,0
BRDA:52,3,0,0
BRDA:52,3,1,1
BRDA:67,4,0,1
BRDA:67,4,1,0
BRDA:92,5,0,0
BRDA:92,5,1,0
BRDA:93,6,0,0
BRDA:93,6,1,0
BRDA:118,7,0,1
BRDA:118,7,1,0
BRDA:122,8,0,1
BRDA:122,8,1,0
BRDA:126,9,0,1
BRDA:126,9,1,0
BRF:20
BRH:9
end_of_record
TN:
SF:src/api/handlers/translationHandler.ts
FN:17,(anonymous_7)
FN:17,(anonymous_8)
FN:42,(anonymous_9)
FN:42,(anonymous_10)
FN:71,(anonymous_11)
FN:71,(anonymous_12)
FN:113,(anonymous_13)
FN:113,(anonymous_14)
FN:151,(anonymous_15)
FN:151,(anonymous_16)
FN:184,(anonymous_17)
FN:184,(anonymous_18)
FN:227,(anonymous_19)
FN:227,(anonymous_20)
FN:240,(anonymous_21)
FN:240,(anonymous_22)
FNF:16
FNH:0
FNDA:0,(anonymous_7)
FNDA:0,(anonymous_8)
FNDA:0,(anonymous_9)
FNDA:0,(anonymous_10)
FNDA:0,(anonymous_11)
FNDA:0,(anonymous_12)
FNDA:0,(anonymous_13)
FNDA:0,(anonymous_14)
FNDA:0,(anonymous_15)
FNDA:0,(anonymous_16)
FNDA:0,(anonymous_17)
FNDA:0,(anonymous_18)
FNDA:0,(anonymous_19)
FNDA:0,(anonymous_20)
FNDA:0,(anonymous_21)
FNDA:0,(anonymous_22)
DA:2,1
DA:8,1
DA:17,1
DA:18,0
DA:19,0
DA:21,0
DA:22,0
DA:25,0
DA:27,0
DA:34,0
DA:42,1
DA:43,0
DA:44,0
DA:46,0
DA:47,0
DA:50,0
DA:51,0
DA:54,0
DA:56,0
DA:57,0
DA:60,0
DA:63,0
DA:71,1
DA:72,0
DA:73,0
DA:74,0
DA:76,0
DA:77,0
DA:80,0
DA:81,0
DA:84,0
DA:85,0
DA:88,0
DA:96,0
DA:98,0
DA:99,0
DA:102,0
DA:103,0
DA:105,0
DA:113,1
DA:114,0
DA:115,0
DA:116,0
DA:118,0
DA:119,0
DA:122,0
DA:123,0
DA:126,0
DA:134,0
DA:136,0
DA:137,0
DA:140,0
DA:143,0
DA:151,1
DA:152,0
DA:153,0
DA:155,0
DA:156,0
DA:159,0
DA:160,0
DA:163,0
DA:165,0
DA:166,0
DA:169,0
DA:176,0
DA:184,1
DA:185,0
DA:186,0
DA:188,0
DA:189,0
DA:192,0
DA:193,0
DA:196,0
DA:198,0
DA:199,0
DA:203,0
DA:213,0
DA:219,0
DA:227,1
DA:228,0
DA:229,0
DA:230,0
DA:232,0
DA:240,1
DA:241,0
DA:242,0
DA:243,0
DA:245,0
LF:88
LH:10
BRDA:21,0,0,0
BRDA:21,0,1,0
BRDA:46,1,0,0
BRDA:46,1,1,0
BRDA:46,2,0,0
BRDA:46,2,1,0
BRDA:50,3,0,0
BRDA:50,3,1,0
BRDA:56,4,0,0
BRDA:56,4,1,0
BRDA:76,5,0,0
BRDA:76,5,1,0
BRDA:80,6,0,0
BRDA:80,6,1,0
BRDA:80,7,0,0
BRDA:80,7,1,0
BRDA:84,8,0,0
BRDA:84,8,1,0
BRDA:102,9,0,0
BRDA:102,9,1,0
BRDA:102,10,0,0
BRDA:102,10,1,0
BRDA:118,11,0,0
BRDA:118,11,1,0
BRDA:118,12,0,0
BRDA:118,12,1,0
BRDA:122,13,0,0
BRDA:122,13,1,0
BRDA:136,14,0,0
BRDA:136,14,1,0
BRDA:155,15,0,0
BRDA:155,15,1,0
BRDA:155,16,0,0
BRDA:155,16,1,0
BRDA:159,17,0,0
BRDA:159,17,1,0
BRDA:165,18,0,0
BRDA:165,18,1,0
BRDA:188,19,0,0
BRDA:188,19,1,0
BRDA:188,20,0,0
BRDA:188,20,1,0
BRDA:192,21,0,0
BRDA:192,21,1,0
BRDA:198,22,0,0
BRDA:198,22,1,0
BRDA:205,23,0,0
BRDA:205,23,1,0
BRDA:208,24,0,0
BRDA:208,24,1,0
BRF:50
BRH:0
end_of_record
TN:
SF:src/api/handlers/updateHandler.ts
FN:10,(anonymous_8)
FN:10,(anonymous_9)
FN:35,(anonymous_10)
FNF:3
FNH:2
FNDA:2,(anonymous_8)
FNDA:2,(anonymous_9)
FNDA:0,(anonymous_10)
DA:2,1
DA:3,1
DA:4,1
DA:10,2
DA:11,2
DA:12,2
DA:15,2
DA:16,2
DA:17,1
DA:18,0
DA:20,1
DA:24,2
DA:30,2
DA:31,2
DA:35,0
DA:42,0
DA:51,0
LF:17
LH:13
BRDA:16,0,0,1
BRDA:16,0,1,1
BRDA:17,1,0,0
BRDA:17,1,1,1
BRDA:30,2,0,2
BRDA:30,2,1,0
BRDA:44,3,0,0
BRDA:44,3,1,0
BRDA:45,4,0,0
BRDA:45,4,1,0
BRF:10
BRH:4
end_of_record
TN:
SF:src/api/middleware/auth.ts
FN:6,(anonymous_1)
FN:30,(anonymous_2)
FN:39,(anonymous_3)
FN:67,(anonymous_4)
FN:68,(anonymous_5)
FN:91,(anonymous_6)
FN:96,(anonymous_7)
FN:105,(anonymous_8)
FNF:8
FNH:8
FNDA:4,(anonymous_1)
FNDA:12,(anonymous_2)
FNDA:11,(anonymous_3)
FNDA:7,(anonymous_4)
FNDA:9,(anonymous_5)
FNDA:5,(anonymous_6)
FNDA:3,(anonymous_7)
FNDA:3,(anonymous_8)
DA:2,4
DA:3,4
DA:6,4
DA:7,4
DA:8,4
DA:26,4
DA:31,12
DA:32,12
DA:33,12
DA:34,12
DA:39,4
DA:40,11
DA:41,11
DA:43,11
DA:44,4
DA:45,4
DA:48,7
DA:49,7
DA:50,5
DA:51,5
DA:53,2
DA:54,1
DA:55,1
DA:56,1
DA:57,1
DA:58,1
DA:60,0
DA:61,0
DA:67,4
DA:68,7
DA:69,9
DA:70,1
DA:71,1
DA:74,8
DA:75,3
DA:80,3
DA:83,5
DA:88,4
DA:91,4
DA:92,5
DA:96,4
DA:97,3
DA:98,3
DA:100,2
DA:105,4
DA:106,3
DA:107,3
DA:109,3
DA:110,2
DA:111,2
DA:112,1
DA:115,1
DA:119,3
LF:53
LH:51
BRDA:6,0,0,4
BRDA:6,0,1,4
BRDA:30,1,0,1
BRDA:30,2,0,1
BRDA:41,3,0,11
BRDA:41,3,1,8
BRDA:43,4,0,4
BRDA:43,4,1,7
BRDA:53,5,0,1
BRDA:53,5,1,1
BRDA:56,6,0,1
BRDA:56,6,1,0
BRDA:69,7,0,1
BRDA:69,7,1,8
BRDA:74,8,0,3
BRDA:74,8,1,5
BRDA:91,9,0,4
BRDA:107,10,0,3
BRDA:107,10,1,2
BRDA:109,11,0,2
BRDA:109,11,1,1
BRF:21
BRH:20
end_of_record
TN:
SF:src/api/middleware/errorHandler.ts
FN:18,(anonymous_0)
FN:73,(anonymous_1)
FN:109,(anonymous_2)
FN:130,(anonymous_3)
FNF:4
FNH:1
FNDA:0,(anonymous_0)
FNDA:2,(anonymous_1)
FNDA:0,(anonymous_2)
FNDA:0,(anonymous_3)
DA:2,2
DA:18,2
DA:25,0
DA:28,0
DA:29,0
DA:30,0
DA:33,0
DA:34,0
DA:47,0
DA:55,0
DA:64,0
DA:65,0
DA:69,0
DA:73,2
DA:74,2
DA:75,2
DA:78,2
DA:91,2
DA:98,2
DA:105,2
DA:109,2
DA:111,0
DA:122,0
DA:123,0
DA:126,0
DA:130,2
DA:131,0
DA:145,0
DA:146,0
LF:29
LH:11
BRDA:25,0,0,0
BRDA:25,0,1,0
BRDA:29,1,0,0
BRDA:29,1,1,0
BRDA:33,2,0,0
BRDA:33,2,1,0
BRDA:50,3,0,0
BRDA:50,3,1,0
BRDA:75,4,0,2
BRDA:75,4,1,2
BRDA:84,5,0,2
BRDA:84,5,1,0
BRDA:91,6,0,2
BRDA:91,6,1,0
BRDA:93,7,0,2
BRDA:93,7,1,0
BRDA:122,8,0,0
BRDA:122,8,1,0
BRF:18
BRH:5
end_of_record
TN:
SF:src/api/middleware/logging.ts
FN:36,(anonymous_1)
FN:40,(anonymous_2)
FN:56,(anonymous_3)
FNF:3
FNH:3
FNDA:16,(anonymous_1)
FNDA:16,(anonymous_2)
FNDA:8,(anonymous_3)
DA:2,1
DA:3,1
DA:6,1
DA:26,1
DA:27,1
DA:36,1
DA:37,16
DA:40,16
DA:41,16
DA:42,16
DA:52,16
DA:56,1
DA:57,8
DA:68,8
DA:71,1
LF:15
LH:15
BRDA:26,0,0,1
BRDA:26,0,1,0
BRDA:48,1,0,16
BRDA:48,1,1,16
BRDA:65,2,0,8
BRDA:65,2,1,8
BRF:6
BRH:5
end_of_record
TN:
SF:src/api/middleware/rateLimiter.ts
FN:52,(anonymous_0)
FN:54,(anonymous_1)
FN:56,(anonymous_2)
FN:66,(anonymous_3)
FN:67,(anonymous_4)
FN:73,(anonymous_5)
FN:84,(anonymous_6)
FN:85,(anonymous_7)
FN:127,(anonymous_8)
FN:146,getClientKey
FN:167,(anonymous_10)
FN:177,(anonymous_11)
FN:193,(anonymous_12)
FN:194,(anonymous_13)
FNF:14
FNH:11
FNDA:1,(anonymous_0)
FNDA:0,(anonymous_1)
FNDA:0,(anonymous_2)
FNDA:16,(anonymous_3)
FNDA:6,(anonymous_4)
FNDA:1,(anonymous_5)
FNDA:8,(anonymous_6)
FNDA:10,(anonymous_7)
FNDA:0,(anonymous_8)
FNDA:10,getClientKey
FNDA:1,(anonymous_10)
FNDA:4,(anonymous_11)
FNDA:4,(anonymous_12)
FNDA:4,(anonymous_13)
DA:2,1
DA:21,1
DA:46,1
DA:49,1
DA:52,1
DA:53,1
DA:54,0
DA:55,0
DA:56,0
DA:57,0
DA:58,0
DA:66,1
DA:67,16
DA:68,6
DA:73,1
DA:74,1
DA:75,0
DA:76,0
DA:81,1
DA:84,1
DA:85,8
DA:86,10
DA:87,10
DA:90,10
DA:92,10
DA:94,7
DA:98,7
DA:102,10
DA:104,2
DA:111,2
DA:112,2
DA:116,8
DA:119,8
DA:126,8
DA:127,8
DA:128,0
DA:131,0
DA:135,0
DA:138,0
DA:141,8
DA:147,10
DA:148,10
DA:151,10
DA:152,10
DA:153,100
DA:154,100
DA:155,100
DA:158,10
DA:162,1
DA:163,1
DA:164,1
DA:167,1
DA:168,1
DA:177,1
DA:179,4
DA:180,1
DA:184,3
DA:185,1
DA:186,1
DA:189,2
DA:193,1
DA:194,4
DA:195,4
DA:197,4
DA:198,1
DA:208,1
DA:211,3
LF:67
LH:56
BRDA:53,0,0,0
BRDA:53,0,1,1
BRDA:53,1,0,1
BRDA:53,1,1,1
BRDA:57,2,0,0
BRDA:57,2,1,0
BRDA:74,3,0,0
BRDA:74,3,1,1
BRDA:92,4,0,7
BRDA:92,4,1,3
BRDA:92,5,0,10
BRDA:92,5,1,4
BRDA:102,6,0,2
BRDA:102,6,1,8
BRDA:131,7,0,0
BRDA:131,7,1,0
BRDA:132,8,0,0
BRDA:132,8,1,0
BRDA:132,8,2,0
BRDA:132,8,3,0
BRDA:147,9,0,10
BRDA:147,9,1,0
BRDA:147,9,2,0
BRDA:148,10,0,10
BRDA:148,10,1,0
BRDA:167,11,0,0
BRDA:179,12,0,1
BRDA:179,12,1,3
BRDA:184,13,0,1
BRDA:184,13,1,2
BRDA:184,14,0,3
BRDA:184,14,1,2
BRDA:193,15,0,1
BRDA:195,16,0,4
BRDA:195,16,1,1
BRDA:197,17,0,1
BRDA:197,17,1,3
BRDA:204,18,0,1
BRDA:204,18,1,0
BRF:39
BRH:24
end_of_record
TN:
SF:src/api/middleware/validation.ts
FN:14,(anonymous_0)
FN:144,(anonymous_1)
FN:167,(anonymous_2)
FN:185,(anonymous_3)
FN:219,(anonymous_4)
FN:240,(anonymous_5)
FN:252,(anonymous_6)
FN:273,(anonymous_7)
FN:297,(anonymous_8)
FNF:9
FNH:9
FNDA:4,(anonymous_0)
FNDA:3,(anonymous_1)
FNDA:2,(anonymous_2)
FNDA:1,(anonymous_3)
FNDA:2,(anonymous_4)
FNDA:1,(anonymous_5)
FNDA:4,(anonymous_6)
FNDA:4,(anonymous_7)
FNDA:3,(anonymous_8)
DA:2,1
DA:3,1
DA:14,1
DA:15,4
DA:26,4
DA:29,4
DA:30,1
DA:38,4
DA:39,1
DA:47,4
DA:48,0
DA:56,4
DA:57,0
DA:65,4
DA:66,0
DA:67,0
DA:68,0
DA:76,4
DA:77,0
DA:78,0
DA:79,0
DA:87,4
DA:88,0
DA:89,0
DA:90,0
DA:99,4
DA:100,0
DA:101,0
DA:102,0
DA:103,0
DA:112,4
DA:113,1
DA:114,1
DA:115,0
DA:123,4
DA:124,1
DA:125,1
DA:126,0
DA:134,4
DA:135,1
DA:138,3
DA:144,1
DA:145,3
DA:146,3
DA:149,3
DA:150,1
DA:157,3
DA:158,1
DA:161,2
DA:167,1
DA:168,2
DA:170,2
DA:171,0
DA:175,2
DA:176,0
DA:179,2
DA:185,1
DA:186,1
DA:187,1
DA:190,1
DA:191,1
DA:192,0
DA:201,1
DA:202,0
DA:209,1
DA:210,0
DA:213,1
DA:219,1
DA:220,2
DA:221,2
DA:223,2
DA:224,0
DA:227,2
DA:228,0
DA:231,2
DA:232,1
DA:235,1
DA:236,0
DA:240,1
DA:241,1
DA:242,0
DA:247,0
DA:251,1
DA:252,1
DA:253,4
DA:254,0
DA:263,1
DA:264,0
DA:272,1
DA:273,1
DA:274,4
DA:275,3
DA:276,3
DA:277,0
DA:287,1
DA:288,0
DA:291,1
DA:297,1
DA:298,3
DA:299,3
DA:300,0
DA:303,3
LF:102
LH:70
BRDA:29,0,0,1
BRDA:29,0,1,3
BRDA:29,1,0,4
BRDA:29,1,1,2
BRDA:38,2,0,1
BRDA:38,2,1,3
BRDA:38,3,0,4
BRDA:38,3,1,2
BRDA:47,4,0,0
BRDA:47,4,1,4
BRDA:47,5,0,4
BRDA:47,5,1,1
BRDA:56,6,0,0
BRDA:56,6,1,4
BRDA:56,7,0,4
BRDA:56,7,1,0
BRDA:65,8,0,0
BRDA:65,8,1,4
BRDA:67,9,0,0
BRDA:67,9,1,0
BRDA:76,10,0,0
BRDA:76,10,1,4
BRDA:78,11,0,0
BRDA:78,11,1,0
BRDA:87,12,0,0
BRDA:87,12,1,4
BRDA:89,13,0,0
BRDA:89,13,1,0
BRDA:99,14,0,0
BRDA:99,14,1,4
BRDA:99,15,0,4
BRDA:99,15,1,0
BRDA:102,16,0,0
BRDA:102,16,1,0
BRDA:102,17,0,0
BRDA:102,17,1,0
BRDA:102,17,2,0
BRDA:112,18,0,1
BRDA:112,18,1,3
BRDA:114,19,0,0
BRDA:114,19,1,1
BRDA:114,20,0,1
BRDA:114,20,1,1
BRDA:123,21,0,1
BRDA:123,21,1,3
BRDA:125,22,0,0
BRDA:125,22,1,1
BRDA:125,23,0,1
BRDA:125,23,1,1
BRDA:125,23,2,1
BRDA:134,24,0,1
BRDA:134,24,1,3
BRDA:149,25,0,1
BRDA:149,25,1,2
BRDA:149,26,0,3
BRDA:149,26,1,2
BRDA:157,27,0,1
BRDA:157,27,1,2
BRDA:170,28,0,0
BRDA:170,28,1,2
BRDA:170,29,0,2
BRDA:170,29,1,2
BRDA:170,29,2,2
BRDA:175,30,0,0
BRDA:175,30,1,2
BRDA:190,31,0,1
BRDA:190,31,1,0
BRDA:191,32,0,0
BRDA:191,32,1,1
BRDA:191,33,0,1
BRDA:191,33,1,1
BRDA:201,34,0,0
BRDA:201,34,1,1
BRDA:201,35,0,1
BRDA:201,35,1,1
BRDA:209,36,0,0
BRDA:209,36,1,1
BRDA:223,37,0,0
BRDA:223,37,1,2
BRDA:227,38,0,0
BRDA:227,38,1,2
BRDA:231,39,0,1
BRDA:231,39,1,1
BRDA:235,40,0,0
BRDA:235,40,1,1
BRDA:241,41,0,0
BRDA:241,41,1,1
BRDA:241,42,0,1
BRDA:241,42,1,1
BRDA:253,43,0,0
BRDA:253,43,1,4
BRDA:263,44,0,0
BRDA:263,44,1,1
BRDA:263,45,0,1
BRDA:263,45,1,1
BRDA:274,46,0,3
BRDA:274,46,1,1
BRDA:276,47,0,0
BRDA:276,47,1,3
BRDA:287,48,0,0
BRDA:287,48,1,1
BRDA:298,49,0,3
BRDA:298,49,1,0
BRDA:298,50,0,3
BRDA:298,50,1,0
BRDA:298,50,2,0
BRDA:299,51,0,0
BRDA:299,51,1,3
BRDA:299,52,0,3
BRDA:299,52,1,3
BRF:110
BRH:71
end_of_record
TN:
SF:src/api/routes/index.ts
FN:29,(anonymous_0)
FNF:1
FNH:1
FNDA:1,(anonymous_0)
DA:1,1
DA:2,1
DA:3,1
DA:11,1
DA:12,1
DA:13,1
DA:14,1
DA:15,1
DA:26,1
DA:29,1
DA:30,1
DA:37,1
DA:40,1
DA:41,1
DA:44,1
DA:53,1
DA:62,1
DA:63,1
DA:64,1
DA:68,1
DA:72,1
DA:73,1
DA:76,1
DA:81,1
DA:87,1
LF:25
LH:25
BRF:0
BRH:0
end_of_record
TN:
SF:src/api/types/index.ts
FNF:0
FNH:0
DA:124,1
DA:125,1
DA:126,1
DA:127,1
LF:4
LH:4
BRF:0
BRH:0
end_of_record
TN:
SF:src/api/utils/responseFormatter.ts
FN:7,(anonymous_0)
FN:19,(anonymous_1)
FN:31,(anonymous_2)
FN:38,(anonymous_3)
FN:45,(anonymous_4)
FN:59,(anonymous_5)
FNF:6
FNH:5
FNDA:2,(anonymous_0)
FNDA:5,(anonymous_1)
FNDA:2,(anonymous_2)
FNDA:5,(anonymous_3)
FNDA:0,(anonymous_4)
FNDA:3,(anonymous_5)
DA:7,1
DA:8,2
DA:19,1
DA:20,5
DA:31,1
DA:32,2
DA:38,1
DA:39,5
DA:45,1
DA:46,0
DA:48,0
DA:59,1
DA:60,3
DA:61,3
DA:63,3
LF:15
LH:13
BRDA:31,0,0,0
BRDA:38,1,0,0
BRDA:60,2,0,3
BRDA:60,2,1,2
BRDA:61,3,0,3
BRDA:61,3,1,2
BRF:6
BRH:4
end_of_record
TN:
SF:src/config/config.ts
FNF:0
FNH:0
DA:1,4
DA:2,4
DA:5,4
DA:34,4
DA:54,4
LF:5
LH:5
BRDA:36,0,0,4
BRDA:36,0,1,0
BRDA:37,1,0,4
BRDA:37,1,1,0
BRDA:38,2,0,4
BRDA:38,2,1,0
BRDA:39,3,0,4
BRDA:39,3,1,0
BRDA:40,4,0,4
BRDA:40,4,1,0
BRDA:43,5,0,4
BRDA:43,5,1,0
BRDA:44,6,0,4
BRDA:44,6,1,0
BRDA:47,7,0,4
BRDA:47,7,1,0
BRDA:51,8,0,4
BRDA:51,8,1,0
BRF:18
BRH:9
end_of_record
TN:
SF:src/db/index.ts
FN:35,(anonymous_8)
FN:35,(anonymous_9)
FNF:2
FNH:0
FNDA:0,(anonymous_8)
FNDA:0,(anonymous_9)
DA:1,16
DA:2,16
DA:5,16
DA:15,16
DA:18,16
DA:35,16
DA:36,0
DA:37,0
DA:38,0
DA:39,0
DA:41,0
DA:42,0
DA:47,16
LF:13
LH:7
BRDA:9,0,0,0
BRDA:10,1,0,0
BRDA:11,2,0,0
BRDA:12,3,0,0
BRDA:13,4,0,0
BRDA:14,5,0,0
BRDA:25,6,0,0
BRDA:25,6,1,16
BRF:8
BRH:1
end_of_record
TN:
SF:src/db/test-connection.ts
FN:11,(anonymous_8)
FN:45,(anonymous_9)
FN:45,(anonymous_10)
FNF:3
FNH:3
FNDA:13,(anonymous_8)
FNDA:1,(anonymous_9)
FNDA:1,(anonymous_10)
DA:4,13
DA:5,13
DA:8,13
DA:11,13
DA:13,13
DA:14,13
DA:15,13
DA:17,13
DA:18,0
DA:22,13
DA:32,13
DA:45,13
DA:46,1
DA:47,1
DA:48,1
DA:49,1
DA:51,0
DA:52,0
DA:57,13
LF:19
LH:16
BRDA:14,0,0,13
BRDA:14,0,1,0
BRDA:15,1,0,13
BRDA:15,1,1,0
BRDA:17,2,0,0
BRDA:17,2,1,13
BRDA:23,3,0,13
BRDA:23,3,1,0
BRDA:24,4,0,13
BRDA:24,4,1,0
BRDA:26,5,0,13
BRDA:26,5,1,0
BRDA:27,6,0,13
BRDA:27,6,1,0
BRF:14
BRH:7
end_of_record
TN:
SF:src/db/models/CalendarMapping.ts
FNF:0
FNH:0
DA:1,2
DA:2,2
DA:38,2
DA:115,2
LF:4
LH:4
BRF:0
BRH:0
end_of_record
TN:
SF:src/db/models/Event.ts
FNF:0
FNH:0
DA:1,13
DA:2,13
DA:42,13
DA:130,13
LF:4
LH:4
BRF:0
BRH:0
end_of_record
TN:
SF:src/db/models/EventTranslation.ts
FNF:0
FNH:0
DA:1,13
DA:2,13
DA:36,13
DA:102,13
LF:4
LH:4
BRF:0
BRH:0
end_of_record
TN:
SF:src/db/models/UpdateMetadata.ts
FNF:0
FNH:0
DA:1,1
DA:2,1
DA:36,1
DA:99,1
LF:4
LH:4
BRF:0
BRH:0
end_of_record
TN:
SF:src/db/models/test-models.ts
FN:312,syncTestModels
FN:312,(anonymous_9)
FNF:2
FNH:0
FNDA:0,syncTestModels
FNDA:0,(anonymous_9)
DA:1,13
DA:2,13
DA:56,13
DA:115,13
DA:169,13
DA:227,13
DA:278,13
DA:284,13
DA:290,13
DA:296,13
DA:304,13
DA:305,13
DA:306,13
DA:307,13
DA:308,13
DA:312,13
DA:313,0
DA:314,0
DA:315,0
DA:317,0
DA:318,0
LF:21
LH:16
BRDA:312,0,0,0
BRF:1
BRH:0
end_of_record
TN:
SF:src/google/googleCalendar.ts
FN:41,(anonymous_8)
FN:68,(anonymous_9)
FN:113,(anonymous_11)
FN:114,(anonymous_12)
FN:131,(anonymous_13)
FN:141,(anonymous_14)
FN:151,(anonymous_15)
FN:152,(anonymous_17)
FN:152,(anonymous_18)
FN:189,(anonymous_19)
FN:224,(anonymous_20)
FN:248,(anonymous_22)
FN:268,(anonymous_23)
FN:282,(anonymous_24)
FN:329,(anonymous_26)
FN:329,(anonymous_27)
FNF:16
FNH:15
FNDA:16,(anonymous_8)
FNDA:16,(anonymous_9)
FNDA:16,(anonymous_11)
FNDA:16,(anonymous_12)
FNDA:0,(anonymous_13)
FNDA:8,(anonymous_14)
FNDA:16,(anonymous_15)
FNDA:16,(anonymous_17)
FNDA:16,(anonymous_18)
FNDA:8,(anonymous_19)
FNDA:5,(anonymous_20)
FNDA:8,(anonymous_22)
FNDA:7,(anonymous_23)
FNDA:4,(anonymous_24)
FNDA:1,(anonymous_26)
FNDA:1,(anonymous_27)
DA:1,2
DA:2,2
DA:3,2
DA:4,2
DA:13,2
DA:14,2
DA:16,2
DA:17,16
DA:18,16
DA:23,16
DA:42,16
DA:54,16
DA:61,16
DA:69,16
DA:71,16
DA:72,16
DA:74,16
DA:77,16
DA:78,16
DA:79,0
DA:80,0
DA:83,16
DA:89,16
DA:90,15
DA:91,0
DA:93,0
DA:95,0
DA:99,15
DA:105,0
DA:106,0
DA:114,16
DA:117,16
DA:118,16
DA:120,8
DA:121,0
DA:127,0
DA:131,0
DA:132,0
DA:134,8
DA:142,8
DA:152,16
DA:153,16
DA:163,10
DA:166,16
DA:167,16
DA:168,8
DA:171,8
DA:172,1
DA:176,1
DA:179,8
DA:181,8
DA:182,8
DA:195,8
DA:198,8
DA:199,8
DA:202,8
DA:203,8
DA:204,0
DA:207,8
DA:225,5
DA:226,5
DA:228,5
DA:233,5
DA:236,5
DA:237,15
DA:238,15
DA:240,15
DA:247,7
DA:248,7
DA:249,8
DA:252,7
DA:254,7
DA:256,8
DA:261,5
DA:262,5
DA:269,7
DA:271,2
DA:273,3
DA:275,2
DA:283,4
DA:285,4
DA:286,4
DA:288,4
DA:289,3
DA:291,3
DA:293,3
DA:294,5
DA:306,4
DA:316,2
DA:317,2
DA:319,1
DA:323,4
DA:329,1
DA:330,1
DA:331,1
DA:333,1
DA:334,1
DA:336,1
DA:338,0
DA:339,0
DA:344,2
LF:101
LH:87
BRDA:74,0,0,16
BRDA:74,0,1,0
BRDA:74,1,0,16
BRDA:74,1,1,0
BRDA:77,2,0,16
BRDA:77,2,1,0
BRDA:79,3,0,0
BRDA:79,3,1,0
BRDA:91,4,0,0
BRDA:91,4,1,0
BRDA:101,5,0,15
BRDA:101,5,1,0
BRDA:115,6,0,16
BRDA:120,7,0,0
BRDA:120,7,1,8
BRDA:120,8,0,8
BRDA:120,8,1,8
BRDA:142,9,0,8
BRDA:142,9,1,8
BRDA:142,9,2,8
BRDA:142,9,3,8
BRDA:157,10,0,13
BRDA:157,10,1,13
BRDA:168,11,0,8
BRDA:168,11,1,0
BRDA:171,12,0,1
BRDA:171,12,1,7
BRDA:198,13,0,8
BRDA:198,13,1,0
BRDA:199,14,0,8
BRDA:199,14,1,0
BRDA:203,15,0,0
BRDA:203,15,1,8
BRDA:203,16,0,8
BRDA:203,16,1,0
BRDA:269,17,0,2
BRDA:269,17,1,3
BRDA:269,17,2,2
BRDA:311,18,0,1
BRDA:311,18,1,3
BRDA:312,19,0,1
BRDA:312,19,1,3
BRDA:329,20,0,0
BRF:43
BRH:28
end_of_record
TN:
SF:src/google/scheduler.ts
FN:10,(anonymous_17)
FN:30,(anonymous_18)
FN:36,(anonymous_19)
FN:36,(anonymous_20)
FN:67,(anonymous_21)
FN:73,(anonymous_22)
FN:73,(anonymous_23)
FN:100,(anonymous_24)
FN:106,(anonymous_25)
FN:106,(anonymous_26)
FN:132,(anonymous_27)
FN:152,(anonymous_28)
FN:164,(anonymous_29)
FN:167,(anonymous_30)
FN:179,(anonymous_31)
FN:182,(anonymous_32)
FN:192,(anonymous_33)
FN:211,(anonymous_35)
FN:214,(anonymous_36)
FNF:19
FNH:11
FNDA:9,(anonymous_17)
FNDA:4,(anonymous_18)
FNDA:0,(anonymous_19)
FNDA:0,(anonymous_20)
FNDA:2,(anonymous_21)
FNDA:0,(anonymous_22)
FNDA:0,(anonymous_23)
FNDA:2,(anonymous_24)
FNDA:0,(anonymous_25)
FNDA:0,(anonymous_26)
FNDA:1,(anonymous_27)
FNDA:9,(anonymous_28)
FNDA:10,(anonymous_29)
FNDA:7,(anonymous_30)
FNDA:6,(anonymous_31)
FNDA:4,(anonymous_32)
FNDA:3,(anonymous_33)
FNDA:0,(anonymous_35)
FNDA:0,(anonymous_36)
DA:1,1
DA:2,1
DA:3,1
DA:5,1
DA:8,9
DA:11,9
DA:23,9
DA:31,4
DA:34,4
DA:36,4
DA:37,0
DA:39,0
DA:40,0
DA:41,0
DA:44,0
DA:46,0
DA:48,0
DA:57,4
DA:58,4
DA:60,4
DA:68,2
DA:71,2
DA:73,2
DA:74,0
DA:76,0
DA:77,0
DA:78,0
DA:79,0
DA:81,0
DA:90,2
DA:91,2
DA:93,2
DA:101,2
DA:104,2
DA:106,2
DA:107,0
DA:109,0
DA:110,0
DA:111,0
DA:112,0
DA:114,0
DA:123,2
DA:124,2
DA:126,2
DA:133,1
DA:136,1
DA:139,1
DA:142,1
DA:143,1
DA:146,1
DA:153,9
DA:154,9
DA:155,1
DA:156,1
DA:157,1
DA:165,10
DA:167,10
DA:168,7
DA:169,7
DA:172,10
DA:173,10
DA:180,6
DA:182,6
DA:183,4
DA:186,6
DA:193,3
DA:195,3
DA:196,3
DA:197,3
DA:198,2
DA:200,1
DA:204,1
DA:212,0
DA:214,0
DA:215,0
DA:218,0
DA:220,0
DA:224,0
DA:228,1
LF:79
LH:54
BRDA:30,0,0,3
BRDA:67,1,0,2
BRDA:100,2,0,2
BRDA:142,3,0,1
BRDA:142,3,1,0
BRDA:154,4,0,1
BRDA:154,4,1,8
BRDA:193,5,0,3
BRDA:193,5,1,2
BRF:9
BRH:8
end_of_record
TN:
SF:src/services/converter.ts
FN:24,(anonymous_0)
FN:33,(anonymous_1)
FN:70,(anonymous_2)
FN:170,(anonymous_3)
FN:257,(anonymous_4)
FN:277,(anonymous_5)
FN:309,(anonymous_6)
FN:333,(anonymous_7)
FN:360,(anonymous_8)
FN:373,(anonymous_9)
FN:380,(anonymous_10)
FN:393,(anonymous_11)
FNF:12
FNH:12
FNDA:23,(anonymous_0)
FNDA:23,(anonymous_1)
FNDA:13,(anonymous_2)
FNDA:4,(anonymous_3)
FNDA:1,(anonymous_4)
FNDA:15,(anonymous_5)
FNDA:6,(anonymous_6)
FNDA:3,(anonymous_7)
FNDA:6,(anonymous_8)
FNDA:1,(anonymous_9)
FNDA:1,(anonymous_10)
FNDA:2,(anonymous_11)
DA:6,1
DA:7,1
DA:19,1
DA:20,23
DA:25,23
DA:26,23
DA:27,23
DA:35,23
DA:43,23
DA:51,23
DA:59,23
DA:74,13
DA:75,13
DA:78,13
DA:79,13
DA:80,1
DA:88,12
DA:89,12
DA:91,12
DA:92,1
DA:101,11
DA:108,11
DA:115,11
DA:116,11
DA:117,11
DA:119,11
DA:120,10
DA:121,2
DA:122,2
DA:123,2
DA:127,1
DA:128,1
DA:129,1
DA:130,1
DA:134,11
DA:135,2
DA:138,11
DA:149,11
DA:150,11
DA:153,2
DA:154,2
DA:155,2
DA:157,0
DA:158,0
DA:174,4
DA:175,4
DA:178,4
DA:179,4
DA:180,0
DA:188,4
DA:189,4
DA:192,4
DA:193,4
DA:194,1
DA:198,4
DA:206,4
DA:212,4
DA:213,4
DA:214,4
DA:216,4
DA:217,0
DA:218,0
DA:219,0
DA:220,4
DA:221,1
DA:222,1
DA:225,4
DA:236,4
DA:237,4
DA:240,0
DA:241,0
DA:242,0
DA:244,0
DA:245,0
DA:261,1
DA:267,1
DA:268,1
DA:271,1
DA:278,15
DA:280,15
DA:281,0
DA:284,15
DA:285,0
DA:288,15
DA:289,0
DA:293,15
DA:294,15
DA:295,15
DA:296,2
DA:300,15
DA:310,6
DA:312,6
DA:313,0
DA:316,6
DA:317,1
DA:320,6
DA:321,0
DA:324,6
DA:334,3
DA:337,3
DA:339,3
DA:340,3
DA:342,3
DA:349,3
DA:361,6
DA:367,6
DA:374,1
DA:381,1
DA:399,2
DA:400,2
DA:401,2
DA:402,2
DA:403,2
DA:408,1
LF:114
LH:98
BRDA:72,0,0,5
BRDA:79,1,0,1
BRDA:79,1,1,12
BRDA:79,2,0,13
BRDA:79,2,1,1
BRDA:88,3,0,12
BRDA:88,3,1,6
BRDA:91,4,0,1
BRDA:91,4,1,11
BRDA:91,5,0,12
BRDA:91,5,1,2
BRDA:119,6,0,10
BRDA:119,6,1,1
BRDA:120,7,0,2
BRDA:120,7,1,8
BRDA:122,8,0,2
BRDA:122,8,1,0
BRDA:123,9,0,2
BRDA:123,9,1,0
BRDA:134,10,0,2
BRDA:134,10,1,9
BRDA:142,11,0,2
BRDA:142,11,1,9
BRDA:154,12,0,2
BRDA:154,12,1,0
BRDA:157,13,0,0
BRDA:157,13,1,0
BRDA:172,14,0,3
BRDA:179,15,0,0
BRDA:179,15,1,4
BRDA:179,16,0,4
BRDA:179,16,1,0
BRDA:188,17,0,4
BRDA:188,17,1,3
BRDA:193,18,0,1
BRDA:193,18,1,3
BRDA:193,19,0,4
BRDA:193,19,1,4
BRDA:216,20,0,0
BRDA:216,20,1,4
BRDA:216,21,0,4
BRDA:216,21,1,0
BRDA:220,22,0,1
BRDA:220,22,1,3
BRDA:220,23,0,4
BRDA:220,23,1,4
BRDA:241,24,0,0
BRDA:241,24,1,0
BRDA:244,25,0,0
BRDA:244,25,1,0
BRDA:259,26,0,1
BRDA:264,27,0,0
BRDA:264,27,1,1
BRDA:264,28,0,1
BRDA:264,28,1,1
BRDA:268,29,0,1
BRDA:268,29,1,0
BRDA:280,30,0,0
BRDA:280,30,1,15
BRDA:280,31,0,15
BRDA:280,31,1,15
BRDA:280,31,2,15
BRDA:284,32,0,0
BRDA:284,32,1,15
BRDA:284,33,0,15
BRDA:284,33,1,15
BRDA:284,33,2,15
BRDA:288,34,0,0
BRDA:288,34,1,15
BRDA:288,35,0,15
BRDA:288,35,1,15
BRDA:293,36,0,15
BRDA:293,36,1,0
BRDA:293,37,0,15
BRDA:293,37,1,15
BRDA:295,38,0,2
BRDA:295,38,1,13
BRDA:312,39,0,0
BRDA:312,39,1,6
BRDA:312,40,0,6
BRDA:312,40,1,6
BRDA:312,40,2,6
BRDA:316,41,0,1
BRDA:316,41,1,5
BRDA:316,42,0,6
BRDA:316,42,1,6
BRDA:316,42,2,6
BRDA:320,43,0,0
BRDA:320,43,1,6
BRDA:320,44,0,6
BRDA:320,44,1,6
BRDA:320,44,2,6
BRDA:334,45,0,0
BRDA:334,45,1,3
BRDA:367,46,0,6
BRDA:367,46,1,1
BRF:96
BRH:74
end_of_record
TN:
SF:src/services/translation.ts
FN:7,(anonymous_8)
FN:81,(anonymous_9)
FN:98,(anonymous_10)
FN:105,(anonymous_11)
FN:169,(anonymous_13)
FN:188,(anonymous_15)
FN:194,(anonymous_17)
FN:216,(anonymous_18)
FN:267,(anonymous_20)
FN:287,(anonymous_22)
FN:316,(anonymous_24)
FN:359,(anonymous_26)
FN:377,(anonymous_27)
FN:389,(anonymous_28)
FN:397,(anonymous_29)
FN:405,(anonymous_30)
FN:419,(anonymous_31)
FN:432,(anonymous_32)
FN:436,(anonymous_33)
FN:452,(anonymous_34)
FN:453,(anonymous_35)
FN:466,(anonymous_36)
FN:474,(anonymous_37)
FNF:23
FNH:20
FNDA:13,(anonymous_8)
FNDA:33,(anonymous_9)
FNDA:20,(anonymous_10)
FNDA:10,(anonymous_11)
FNDA:0,(anonymous_13)
FNDA:1,(anonymous_15)
FNDA:2,(anonymous_17)
FNDA:5,(anonymous_18)
FNDA:0,(anonymous_20)
FNDA:2,(anonymous_22)
FNDA:2,(anonymous_24)
FNDA:5,(anonymous_26)
FNDA:2,(anonymous_27)
FNDA:21,(anonymous_28)
FNDA:20,(anonymous_29)
FNDA:8,(anonymous_30)
FNDA:4,(anonymous_31)
FNDA:2,(anonymous_32)
FNDA:0,(anonymous_33)
FNDA:33,(anonymous_34)
FNDA:2,(anonymous_35)
FNDA:13,(anonymous_36)
FNDA:33,(anonymous_37)
DA:1,13
DA:2,13
DA:7,13
DA:8,13
DA:9,13
DA:10,13
DA:76,13
DA:77,33
DA:79,33
DA:82,33
DA:90,33
DA:91,33
DA:99,20
DA:110,10
DA:111,2
DA:114,8
DA:117,8
DA:118,8
DA:119,8
DA:120,1
DA:121,1
DA:125,7
DA:127,7
DA:134,6
DA:135,4
DA:149,4
DA:150,4
DA:153,4
DA:154,4
DA:158,2
DA:161,1
DA:162,1
DA:173,0
DA:175,0
DA:176,0
DA:177,0
DA:178,0
DA:182,0
DA:189,1
DA:190,1
DA:194,2
DA:208,0
DA:209,0
DA:218,5
DA:219,2
DA:223,3
DA:224,3
DA:225,1
DA:228,2
DA:229,2
DA:237,1
DA:251,1
DA:252,1
DA:255,1
DA:256,1
DA:259,1
DA:260,1
DA:268,0
DA:269,0
DA:270,0
DA:273,0
DA:281,0
DA:288,2
DA:289,2
DA:296,2
DA:298,1
DA:299,1
DA:301,1
DA:302,1
DA:305,1
DA:308,0
DA:309,0
DA:320,2
DA:321,1
DA:322,1
DA:325,1
DA:327,1
DA:334,1
DA:335,1
DA:348,1
DA:349,1
DA:352,0
DA:353,0
DA:360,5
DA:363,4
DA:366,1
DA:370,3
DA:378,2
DA:390,21
DA:391,21
DA:398,20
DA:399,20
DA:401,20
DA:406,8
DA:407,8
DA:409,1
DA:410,1
DA:411,0
DA:412,0
DA:415,1
DA:416,1
DA:421,4
DA:422,0
DA:425,4
DA:433,2
DA:437,0
DA:438,0
DA:440,0
DA:441,0
DA:442,0
DA:443,0
DA:447,0
DA:448,0
DA:453,33
DA:454,2
DA:455,2
DA:456,2
DA:457,1
DA:467,13
DA:468,13
DA:469,13
DA:471,13
DA:475,33
DA:476,0
DA:477,0
DA:483,13
LF:126
LH:96
BRDA:7,0,0,13
BRDA:7,0,1,13
BRDA:81,1,0,13
BRDA:83,2,0,20
BRDA:83,2,1,13
BRDA:83,3,0,33
BRDA:83,3,1,33
BRDA:84,4,0,20
BRDA:84,4,1,13
BRDA:84,5,0,33
BRDA:84,5,1,33
BRDA:85,6,0,20
BRDA:85,6,1,13
BRDA:85,7,0,33
BRDA:85,7,1,33
BRDA:86,8,0,0
BRDA:86,8,1,33
BRDA:86,9,0,33
BRDA:86,9,1,33
BRDA:87,10,0,20
BRDA:87,10,1,13
BRDA:87,11,0,33
BRDA:87,11,1,33
BRDA:90,12,0,33
BRDA:90,12,1,0
BRDA:110,13,0,2
BRDA:110,13,1,8
BRDA:110,14,0,10
BRDA:110,14,1,9
BRDA:117,15,0,8
BRDA:117,15,1,0
BRDA:119,16,0,1
BRDA:119,16,1,7
BRDA:134,17,0,4
BRDA:134,17,1,2
BRDA:140,18,0,4
BRDA:140,18,1,0
BRDA:141,19,0,4
BRDA:141,19,1,0
BRDA:149,20,0,4
BRDA:149,20,1,0
BRDA:177,21,0,0
BRDA:177,21,1,0
BRDA:199,22,0,2
BRDA:199,22,1,0
BRDA:200,23,0,2
BRDA:200,23,1,0
BRDA:218,24,0,2
BRDA:218,24,1,3
BRDA:218,25,0,5
BRDA:218,25,1,4
BRDA:218,25,2,4
BRDA:224,26,0,1
BRDA:224,26,1,2
BRDA:233,27,0,2
BRDA:233,27,1,1
BRDA:234,28,0,2
BRDA:234,28,1,1
BRDA:242,29,0,1
BRDA:242,29,1,0
BRDA:243,30,0,1
BRDA:243,30,1,0
BRDA:251,31,0,1
BRDA:251,31,1,0
BRDA:269,32,0,0
BRDA:269,32,1,0
BRDA:276,33,0,0
BRDA:276,33,1,0
BRDA:277,34,0,0
BRDA:277,34,1,0
BRDA:278,35,0,0
BRDA:278,35,1,0
BRDA:296,36,0,1
BRDA:296,36,1,1
BRDA:298,37,0,1
BRDA:298,37,1,0
BRDA:320,38,0,1
BRDA:320,38,1,1
BRDA:334,39,0,1
BRDA:334,39,1,0
BRDA:340,40,0,1
BRDA:340,40,1,0
BRDA:341,41,0,1
BRDA:341,41,1,0
BRDA:360,42,0,1
BRDA:360,42,1,4
BRDA:363,43,0,1
BRDA:363,43,1,1
BRDA:363,43,2,3
BRDA:363,43,3,3
BRDA:398,44,0,20
BRDA:398,44,1,0
BRDA:407,45,0,7
BRDA:407,45,1,1
BRDA:410,46,0,0
BRDA:410,46,1,1
BRDA:421,47,0,0
BRDA:421,47,1,4
BRDA:441,48,0,0
BRDA:441,48,1,0
BRDA:447,49,0,0
BRDA:447,49,1,0
BRDA:456,50,0,1
BRDA:456,50,1,1
BRDA:467,51,0,13
BRDA:467,51,1,0
BRDA:474,52,0,31
BRDA:475,53,0,0
BRDA:475,53,1,33
BRF:109
BRH:75
end_of_record
TN:
SF:src/services/types.ts
FN:5,(anonymous_0)
FN:11,(anonymous_1)
FNF:2
FNH:2
FNDA:1,(anonymous_0)
FNDA:1,(anonymous_1)
DA:5,1
DA:6,1
DA:7,1
DA:8,1
DA:11,1
DA:12,1
DA:13,1
DA:14,1
DA:15,1
LF:9
LH:9
BRDA:5,0,0,1
BRDA:5,0,1,1
BRDA:11,1,0,1
BRDA:11,1,1,1
BRF:4
BRH:4
end_of_record
